<?xml version="1.0" encoding="UTF-8"?>
<Site BuildName="(empty)"
	BuildStamp="20250703-0002-Experimental"
	Name="(empty)"
	Generator="ctest-4.1.0-rc1"
	CompilerName=""
	CompilerVersion=""
	OSName="Windows"
	Hostname="G15Bruno"
	OSRelease=" Personal"
	OSVersion=" (Build 26100)"
	OSPlatform="AMD64"
	Is64Bits="1"
	VendorString="GenuineIntel"
	VendorID="Intel Corporation"
	FamilyID="6"
	ModelID="7"
	ModelName=""
	ProcessorCacheSize="-1"
	NumberOfLogicalCPU="16"
	NumberOfPhysicalCPU="10"
	TotalVirtualMemory="34500"
	TotalPhysicalMemory="16068"
	LogicalProcessorsPerPhysical="1"
	ProcessorClockFrequency="2400"
	>
	<Testing>
		<StartDateTime>Jul 02 21:02 Hora oficial do Brasil</StartDateTime>
		<StartTestTime>1751500943</StartTestTime>
		<TestList/>
		<EndDateTime>Jul 02 21:02 Hora oficial do Brasil</EndDateTime>
		<EndTestTime>1751500943</EndTestTime>
		<ElapsedMinutes>0</ElapsedMinutes>
	</Testing>
</Site>
